[     511ms] Error: Hydration failed because the server rendered HTML didn't match the client. As a result this tree will be regenerated on the client. This can happen if a SSR-ed Client Component used:

- A server/client branch `if (typeof window !== 'undefined')`.
- Variable input such as `Date.now()` or `Math.random()` which changes each time it's called.
- Date formatting in a user's locale which doesn't match the server.
- External changing data without sending a snapshot of it along with the HTML.
- Invalid HTML tag nesting.

It can also happen if the client has a browser extension installed which messes with the HTML before React loaded.

https://react.dev/link/hydration-mismatch

  ...
    <ScrollAndFocusHandler segmentPath={[...]}>
      <InnerScrollAndFocusHandler segmentPath={[...]} focusAndScrollRef={{apply:false, ...}}>
        <ErrorBoundary errorComponent={undefined} errorStyles={undefined} errorScripts={undefined}>
          <LoadingBoundary loading={null}>
            <HTTPAccessFallbackBoundary notFound={<SegmentViewNode>} forbidden={undefined} unauthorized={undefined}>
              <HTTPAccessFallbackErrorBoundary pathname="/scan" notFound={<SegmentViewNode>} forbidden={undefined} ...>
                <RedirectBoundary>
                  <RedirectErrorBoundary router={{...}}>
                    <InnerLayoutRouter url="/scan" tree={[...]} cacheNode={{lazyData:null, ...}} segmentPath={[...]}>
                      <SegmentViewNode type="layout" pagePath="/projects/...">
                        <SegmentTrieNode>
                        <script>
                        <script>
                        <script>
                        <script>
                        <script>
                        <script>
                        <AppLayout>
                          <div className="relative m...">
                            <main>
                            <BottomNav>
                              <nav className="fixed bott...">
                                <div
+                                 className="mx-auto max-w-md bg-white/95 backdrop-blur-xl border-t border-black/[0.04..."
-                                 className="pointer-events-none absolute inset-x-0 -top-6 h-6 bg-gradient-to-t from-j..."
                                >
+                                 <div className="flex items-center justify-around px-1 pb-1 pt-2">
                    ...
        ...

    at throwOnHydrationMismatch (http://localhost:3003/_next/static/chunks/9fcc9_next_dist_compiled_react-dom_952a5fd6._.js:2892:56)
    at beginWork (http://localhost:3003/_next/static/chunks/9fcc9_next_dist_compiled_react-dom_952a5fd6._.js:6178:918)
    at runWithFiberInDEV (http://localhost:3003/_next/static/chunks/9fcc9_next_dist_compiled_react-dom_952a5fd6._.js:886:74)
    at performUnitOfWork (http://localhost:3003/_next/static/chunks/9fcc9_next_dist_compiled_react-dom_952a5fd6._.js:8298:97)
    at workLoopConcurrentByScheduler (http://localhost:3003/_next/static/chunks/9fcc9_next_dist_compiled_react-dom_952a5fd6._.js:8294:58)
    at renderRootConcurrent (http://localhost:3003/_next/static/chunks/9fcc9_next_dist_compiled_react-dom_952a5fd6._.js:8276:71)
    at performWorkOnRoot (http://localhost:3003/_next/static/chunks/9fcc9_next_dist_compiled_react-dom_952a5fd6._.js:7908:176)
    at performWorkOnRootViaSchedulerTask (http://localhost:3003/_next/static/chunks/9fcc9_next_dist_compiled_react-dom_952a5fd6._.js:8882:9)
    at MessagePort.performWorkUntilDeadline (http://localhost:3003/_next/static/chunks/9fcc9_next_dist_compiled_b8f3d73b._.js:2601:64)
