[    4748ms] [ERROR] Failed to load resource: the server responded with a status of 404 (Not Found) @ http://localhost:3004/favicon.ico:0
[  264479ms] ReferenceError: ChevronRight is not defined
    at MetricCard (http://localhost:3004/_next/static/chunks/projects_jellow-app_src_0abcad63._.js?id=%255Bproject%255D%252Fprojects%252Fjellow-app%252Fsrc%252Fcomponents%252Fui%252Fmetric-card.tsx+%255Bapp-client%255D+%2528ecmascript%2529:75:462)
    at Object.react_stack_bottom_frame (http://localhost:3004/_next/static/chunks/9fcc9_next_dist_compiled_react-dom_952a5fd6._.js:13072:24)
    at renderWithHooks (http://localhost:3004/_next/static/chunks/9fcc9_next_dist_compiled_react-dom_952a5fd6._.js:4091:24)
    at updateFunctionComponent (http://localhost:3004/_next/static/chunks/9fcc9_next_dist_compiled_react-dom_952a5fd6._.js:5523:21)
    at beginWork (http://localhost:3004/_next/static/chunks/9fcc9_next_dist_compiled_react-dom_952a5fd6._.js:6111:24)
    at runWithFiberInDEV (http://localhost:3004/_next/static/chunks/9fcc9_next_dist_compiled_react-dom_952a5fd6._.js:886:74)
    at performUnitOfWork (http://localhost:3004/_next/static/chunks/9fcc9_next_dist_compiled_react-dom_952a5fd6._.js:8298:97)
    at workLoopSync (http://localhost:3004/_next/static/chunks/9fcc9_next_dist_compiled_react-dom_952a5fd6._.js:8190:40)
    at renderRootSync (http://localhost:3004/_next/static/chunks/9fcc9_next_dist_compiled_react-dom_952a5fd6._.js:8173:13)
    at performWorkOnRoot (http://localhost:3004/_next/static/chunks/9fcc9_next_dist_compiled_react-dom_952a5fd6._.js:7932:56)
    at performSyncWorkOnRoot (http://localhost:3004/_next/static/chunks/9fcc9_next_dist_compiled_react-dom_952a5fd6._.js:8890:9)
    at flushSyncWorkAcrossRoots_impl (http://localhost:3004/_next/static/chunks/9fcc9_next_dist_compiled_react-dom_952a5fd6._.js:8809:316)
    at flushSyncWork$1 (http://localhost:3004/_next/static/chunks/9fcc9_next_dist_compiled_react-dom_952a5fd6._.js:8048:86)
    at Object.scheduleRefresh (http://localhost:3004/_next/static/chunks/9fcc9_next_dist_compiled_react-dom_952a5fd6._.js:294:13)
    at http://localhost:3004/_next/static/chunks/9fcc9_next_dist_compiled_b8f3d73b._.js:391:33
    at Set.forEach (<anonymous>)
    at Object.performReactRefresh (http://localhost:3004/_next/static/chunks/9fcc9_next_dist_compiled_b8f3d73b._.js:384:38)
    at applyUpdate (http://localhost:3004/_next/static/chunks/9fcc9_next_dist_compiled_b8f3d73b._.js:878:31)
    at http://localhost:3004/_next/static/chunks/9fcc9_next_dist_compiled_b8f3d73b._.js:886:13
[  271432ms] [WARNING] [Fast Refresh] performing full reload because your application had an unrecoverable error @ http://localhost:3004/_next/static/chunks/9fcc9_next_dist_client_8784319b._.js:6282
